<?xml version="1.0" encoding="UTF-8"?>
<robot generator="Robot 4.1.3 (Python 3.7.5 on win32)" generated="20220416 19:57:43.884" rpa="true" schemaversion="2">
<suite id="s1" name="Tasks" source="d:\Deepesh Kumawat\RoboCorp\My-Order-Robot\tasks.robot">
<test id="s1-t1" name="Ordering the Robot">
<kw name="Download Excel File">
<kw name="Download" library="RPA.HTTP">
<arg>https://robotsparebinindustries.com/orders.csv</arg>
<arg>overwrite=True</arg>
<doc>An alias for the ``HTTP Get`` keyword.</doc>
<msg timestamp="20220416 19:58:01.361" level="INFO">Creating a new HTTP session</msg>
<msg timestamp="20220416 19:58:01.362" level="INFO">Creating Session using : alias=rpasession_alias.httpsrobotsparebinindustries.com, url=https://robotsparebinindustries.com, headers={},                     cookies={}, auth=None, timeout=None, proxies=None, verify=True,                     debug=0 </msg>
<status status="PASS" starttime="20220416 19:58:01.360" endtime="20220416 19:58:02.455"/>
</kw>
<status status="PASS" starttime="20220416 19:58:01.359" endtime="20220416 19:58:02.456"/>
</kw>
<kw name="Read Worksheet">
<var>${Order_Data}</var>
<kw name="Read table from CSV" library="RPA.Tables">
<var>${Order_Data}</var>
<arg>orders.csv</arg>
<doc>Read a CSV file as a table.</doc>
<msg timestamp="20220416 19:58:02.483" level="INFO">${Order_Data} = Table(columns=['Order number', 'Head', 'Body', 'Legs', 'Address'], rows=20)</msg>
<status status="PASS" starttime="20220416 19:58:02.458" endtime="20220416 19:58:02.483"/>
</kw>
<msg timestamp="20220416 19:58:02.485" level="INFO">${Order_Data} = Table(columns=['Order number', 'Head', 'Body', 'Legs', 'Address'], rows=20)</msg>
<status status="PASS" starttime="20220416 19:58:02.457" endtime="20220416 19:58:02.485"/>
</kw>
<kw name="Get Table Dimensions" library="RPA.Tables">
<var>${rows}</var>
<var>${columns}</var>
<arg>${Order_Data}</arg>
<doc>Return table dimensions, as (rows, columns).</doc>
<msg timestamp="20220416 19:58:02.487" level="INFO">${rows} = 20</msg>
<msg timestamp="20220416 19:58:02.488" level="INFO">${columns} = 5</msg>
<status status="PASS" starttime="20220416 19:58:02.485" endtime="20220416 19:58:02.488"/>
</kw>
<if>
<branch type="IF" condition="${rows} &gt;= 1">
<kw name="Open Web URL">
<kw name="Get Site URL">
<var>${URL}</var>
<kw name="Get Secret" library="RPA.Robocorp.Vault">
<var>${URL}</var>
<arg>Sites</arg>
<doc>Read a secret from the configured source, e.g. Robocorp Vault,
and return it as a ``Secret`` object.</doc>
<msg timestamp="20220416 19:58:02.492" level="INFO">Protecting keyword: RPA.Robocorp.Vault.Get Secret</msg>
<msg timestamp="20220416 19:58:02.502" level="INFO">Log level changed from NONE to INFO.</msg>
<status status="FAIL" starttime="20220416 19:58:02.491" endtime="20220416 19:58:02.500"/>
</kw>
<status status="FAIL" starttime="20220416 19:58:02.490" endtime="20220416 19:58:02.506"/>
</kw>
<kw name="Open Available Browser" library="RPA.Browser.Selenium">
<arg>${URL}</arg>
<doc>Attempts to open a browser on the user's device from a set of
supported browsers. Automatically downloads a corresponding webdriver
if none is already installed.</doc>
<status status="NOT RUN" starttime="20220416 19:58:02.508" endtime="20220416 19:58:02.508"/>
</kw>
<kw name="Maximize Browser Window" library="RPA.Browser.Selenium">
<doc>Maximizes current browser window.</doc>
<status status="NOT RUN" starttime="20220416 19:58:02.509" endtime="20220416 19:58:02.510"/>
</kw>
<kw name="Click Button When Visible" library="RPA.Browser.Selenium">
<arg>css:.btn-dark</arg>
<doc>Click button identified by ``locator``, once it becomes visible.</doc>
<status status="NOT RUN" starttime="20220416 19:58:02.511" endtime="20220416 19:58:02.511"/>
</kw>
<status status="FAIL" starttime="20220416 19:58:02.489" endtime="20220416 19:58:02.514"/>
</kw>
<for flavor="IN">
<var>${Order}</var>
<value>@{Order_Data}</value>
<iter>
<var name="${Order}">${Order}</var>
<kw name="Set Variable" library="BuiltIn">
<var>${count}</var>
<arg>${${count}+1}</arg>
<doc>Returns the given values which can then be assigned to a variables.</doc>
<status status="NOT RUN" starttime="20220416 19:58:02.516" endtime="20220416 19:58:02.517"/>
</kw>
<kw name="Fill Order Form">
<arg>${Order}</arg>
<arg>${count}</arg>
<status status="NOT RUN" starttime="20220416 19:58:02.518" endtime="20220416 19:58:02.518"/>
</kw>
<status status="NOT RUN" starttime="20220416 19:58:02.515" endtime="20220416 19:58:02.519"/>
</iter>
<status status="NOT RUN" starttime="20220416 19:58:02.515" endtime="20220416 19:58:02.519"/>
</for>
<status status="FAIL" starttime="20220416 19:58:02.489" endtime="20220416 19:58:02.520"/>
</branch>
<branch type="ELSE">
<kw name="Log" library="BuiltIn">
<arg>"No data for order"</arg>
<doc>Logs the given message with the given level.</doc>
<status status="NOT RUN" starttime="20220416 19:58:02.521" endtime="20220416 19:58:02.521"/>
</kw>
<status status="NOT RUN" starttime="20220416 19:58:02.520" endtime="20220416 19:58:02.522"/>
</branch>
<status status="FAIL" starttime="20220416 19:58:02.488" endtime="20220416 19:58:02.522"/>
</if>
<kw name="Archive PDF Files">
<status status="NOT RUN" starttime="20220416 19:58:02.523" endtime="20220416 19:58:02.523"/>
</kw>
<status status="FAIL" starttime="20220416 19:58:01.356" endtime="20220416 19:58:02.524">KeyError: 'Undefined secret: Sites'</status>
</test>
<doc>Orders robots from RobotSpareBin Industries Inc.
Saves the order HTML receipt as a PDF file.
Saves the screenshot of the ordered robot.
Embeds the screenshot of the robot to the PDF receipt.
Creates ZIP archive of the receipts and the images.</doc>
<status status="FAIL" starttime="20220416 19:57:43.890" endtime="20220416 19:58:02.528"/>
</suite>
<statistics>
<total>
<stat pass="0" fail="1" skip="0">All Tasks</stat>
</total>
<tag>
</tag>
<suite>
<stat pass="0" fail="1" skip="0" id="s1" name="Tasks">Tasks</stat>
</suite>
</statistics>
<errors>
<msg timestamp="20220416 19:58:02.494" level="ERROR">Failed to load secrets file: [Errno 2] No such file or directory: 'My-Order-Robot\\Vault\\Vault.json'</msg>
</errors>
</robot>
